Success insertion Globe/Smart-Visayas PerBranch (EDI Version 4.0)--->'017','01','2014',2/2/2015 2:50:44 PM,'1234'
Success insertion Globe/Smart-Visayas PerBranch (EDI Version 4.0)--->'018','01','2014',2/2/2015 2:50:45 PM,'1234'
Success insertion Forex-Visayas PerBranch (EDI Version 4.0)--->'017','01','2014',2/2/2015 3:06:05 PM,'1234'
Success insertion Forex-Visayas PerBranch (EDI Version 4.0)--->'053','01','2014',2/2/2015 3:06:06 PM,'1234'
Success insertion Allocation-Visayas PerBranch (EDI Version 4.0)--->'508','01','2014',2/2/2015 3:06:55 PM,'1234'
Success insertion Allocation-Visayas PerBranch (EDI Version 4.0)--->'042','01','2014',2/2/2015 3:06:55 PM,'1234'
Success insertion IConnect-Visayas PerBranch (EDI Version 4.0)--->'938','01','2014',2/2/2015 3:08:12 PM,'1234'
Success insertion IConnect-Visayas PerBranch (EDI Version 4.0)--->'944','01','2014',2/2/2015 3:08:12 PM,'1234'
Success insertion Allocation-Visayas PerBranch (EDI Version 4.0)--->'508','01','2014',2/2/2015 3:08:49 PM,'1234'
Success insertion Allocation-Visayas PerBranch (EDI Version 4.0)--->'042','01','2014',2/2/2015 3:08:50 PM,'1234'
Success insertion Globe/Smart-Visayas PerBranch (EDI Version 4.0)--->'017','01','2014',2/2/2015 3:14:13 PM,'1234'
Success insertion Globe/Smart-Visayas PerBranch (EDI Version 4.0)--->'018','01','2014',2/2/2015 3:14:14 PM,'1234'
Success insertion Globe/Smart-Visayas PerBranch (EDI Version 4.0)--->'017','01','2014',2/2/2015 3:15:00 PM,'1234'
Success insertion Globe/Smart-Visayas PerBranch (EDI Version 4.0)--->'018','01','2014',2/2/2015 3:15:01 PM,'1234'
Success insertion PEA-Visayas PerBranch (EDI Version 4.0)--->'637','01','2014',2/2/2015 3:18:18 PM,'1234'
Success insertion PEA-Visayas PerBranch (EDI Version 4.0)--->'708','01','2014',2/2/2015 3:18:19 PM,'1234'
Success insertion PEA-Visayas PerBranch (EDI Version 4.0)--->'637','01','2015',2/2/2015 3:21:07 PM,'1234'
Success insertion PEA-Visayas PerBranch (EDI Version 4.0)--->'708','01','2015',2/2/2015 3:21:08 PM,'1234'
Success insertion PEA-Visayas PerBranch (EDI Version 4.0)--->'637','02','2015',2/2/2015 3:22:58 PM,'1234'
Success insertion PEA-Visayas PerBranch (EDI Version 4.0)--->'708','02','2015',2/2/2015 3:22:58 PM,'1234'
Success insertion PEA-Visayas PerBranch (EDI Version 4.0)--->'017','01','2014',2/2/2015 3:41:43 PM,'12067047'
Success insertion PEA-Visayas PerBranch (EDI Version 4.0)--->'053','01','2014',2/2/2015 3:41:44 PM,'12067047'
Success insertion Xoom-Visayas PerBranch (EDI Version 4.0)--->'131','01','2014',2/2/2015 3:54:53 PM,'12067047'
Success insertion Xoom-Visayas PerBranch (EDI Version 4.0)--->'131','01','2014',2/2/2015 3:54:53 PM,'12067047'
Success insertion Xoom-Visayas PerBranch (EDI Version 4.0)--->'132','01','2014',2/2/2015 3:54:53 PM,'12067047'
Success insertion Xoom-Visayas PerBranch (EDI Version 4.0)--->'132','01','2014',2/2/2015 3:54:53 PM,'12067047'
Success insertion Xoom-Visayas PerBranch (EDI Version 4.0)--->'133','01','2014',2/2/2015 3:54:54 PM,'12067047'
Success insertion Xoom-Visayas PerBranch (EDI Version 4.0)--->'133','01','2014',2/2/2015 3:54:54 PM,'12067047'
Success insertion Xoom-Visayas PerBranch (EDI Version 4.0)--->'134','01','2014',2/2/2015 3:54:54 PM,'12067047'
Success insertion Xoom-Visayas PerBranch (EDI Version 4.0)--->'134','01','2014',2/2/2015 3:54:54 PM,'12067047'
Success insertion Xoom-Visayas PerBranch (EDI Version 4.0)--->'135','01','2014',2/2/2015 3:54:55 PM,'12067047'
Success insertion Xoom-Visayas PerBranch (EDI Version 4.0)--->'135','01','2014',2/2/2015 3:54:55 PM,'12067047'
Success insertion Xoom-Visayas PerBranch (EDI Version 4.0)--->'137','01','2014',2/2/2015 3:54:55 PM,'12067047'
Success insertion Xoom-Visayas PerBranch (EDI Version 4.0)--->'137','01','2014',2/2/2015 3:54:55 PM,'12067047'
